d:\se102.n21\contra\contra\debug\vc143.pdb
d:\se102.n21\contra\contra\debug\vc143.idb
d:\se102.n21\contra\contra\debug\cdatabase.obj
d:\se102.n21\contra\contra\debug\cbullet.obj
d:\se102.n21\contra\contra\debug\cboss3.obj
d:\se102.n21\contra\contra\debug\cboss2hand.obj
d:\se102.n21\contra\contra\debug\cboss2elbow.obj
d:\se102.n21\contra\contra\debug\cboss2arm.obj
d:\se102.n21\contra\contra\debug\cboss2.obj
d:\se102.n21\contra\contra\debug\cboss1gun.obj
d:\se102.n21\contra\contra\debug\cboss1.obj
d:\se102.n21\contra\contra\debug\cboomthrow.obj
d:\se102.n21\contra\contra\debug\cbill.obj
d:\se102.n21\contra\contra\debug\cbbullet.obj
d:\se102.n21\contra\contra\debug\cb3bullet.obj
d:\se102.n21\contra\contra\debug\cb2bullet.obj
d:\se102.n21\contra\contra\debug\cautodestroybridge.obj
d:\se102.n21\contra\contra\debug\camerahud.obj
d:\se102.n21\contra\contra\debug\camera.obj
d:\se102.n21\contra\contra\debug\basescene.obj
d:\se102.n21\contra\contra\debug\background.obj
d:\se102.n21\contra\contra\debug\audio.obj
d:\se102.n21\contra\contra\debug\cplayerweapon.obj
d:\se102.n21\contra\contra\debug\cobject.obj
d:\se102.n21\contra\contra\debug\cnebullet.obj
d:\se102.n21\contra\contra\debug\cnbullet.obj
d:\se102.n21\contra\contra\debug\cmbullet.obj
d:\se102.n21\contra\contra\debug\clistitemfly.obj
d:\se102.n21\contra\contra\debug\clbullet.obj
d:\se102.n21\contra\contra\debug\citemstand.obj
d:\se102.n21\contra\contra\debug\citemfly.obj
d:\se102.n21\contra\contra\debug\cgroundwater.obj
d:\se102.n21\contra\contra\debug\cgroundgrass.obj
d:\se102.n21\contra\contra\debug\cgroundelectron.obj
d:\se102.n21\contra\contra\debug\cgroundcanon.obj
d:\se102.n21\contra\contra\debug\cground.obj
d:\se102.n21\contra\contra\debug\cfire.obj
d:\se102.n21\contra\contra\debug\cfbullet.obj
d:\se102.n21\contra\contra\debug\cfbbullet.obj
d:\se102.n21\contra\contra\debug\cenemyweapon.obj
d:\se102.n21\contra\contra\debug\cenemyusegun.obj
d:\se102.n21\contra\contra\debug\cenemy.obj
d:\se102.n21\contra\contra\debug\ceffectobject.obj
d:\se102.n21\contra\contra\debug\dxutil.obj
d:\se102.n21\contra\contra\debug\dsutil.obj
d:\se102.n21\contra\contra\debug\cweapon.obj
d:\se102.n21\contra\contra\debug\cwatereffect.obj
d:\se102.n21\contra\contra\debug\cwallturret.obj
d:\se102.n21\contra\contra\debug\ctank.obj
d:\se102.n21\contra\contra\debug\cspbullet.obj
d:\se102.n21\contra\contra\debug\csniperwater.obj
d:\se102.n21\contra\contra\debug\csniperstand.obj
d:\se102.n21\contra\contra\debug\csniperhide.obj
d:\se102.n21\contra\contra\debug\csniperboss.obj
d:\se102.n21\contra\contra\debug\csniperblock.obj
d:\se102.n21\contra\contra\debug\csbullet.obj
d:\se102.n21\contra\contra\debug\crunmanmanager.obj
d:\se102.n21\contra\contra\debug\crunmanfire.obj
d:\se102.n21\contra\contra\debug\crunman.obj
d:\se102.n21\contra\contra\debug\crockroll.obj
d:\se102.n21\contra\contra\debug\crockfly.obj
d:\se102.n21\contra\contra\debug\cresourcesmanager.obj
d:\se102.n21\contra\contra\debug\texture.obj
d:\se102.n21\contra\contra\debug\text.obj
d:\se102.n21\contra\contra\debug\surface.obj
d:\se102.n21\contra\contra\debug\sprite.obj
d:\se102.n21\contra\contra\debug\scenewin.obj
d:\se102.n21\contra\contra\debug\sceneplay.obj
d:\se102.n21\contra\contra\debug\scenepause.obj
d:\se102.n21\contra\contra\debug\scenemenu.obj
d:\se102.n21\contra\contra\debug\scenemanager.obj
d:\se102.n21\contra\contra\debug\sceneloading.obj
d:\se102.n21\contra\contra\debug\scenegameover.obj
d:\se102.n21\contra\contra\debug\register.obj
d:\se102.n21\contra\contra\debug\qttree.obj
d:\se102.n21\contra\contra\debug\qtnode.obj
d:\se102.n21\contra\contra\debug\physical.obj
d:\se102.n21\contra\contra\debug\input.obj
d:\se102.n21\contra\contra\debug\cstareffect.obj
d:\se102.n21\contra\contra\debug\graphic.obj
d:\se102.n21\contra\contra\debug\global.obj
d:\se102.n21\contra\contra\debug\gamecontra.obj
d:\se102.n21\contra\contra\debug\winmain.obj
d:\se102.n21\contra\contra\debug\cwaterfalle.obj
d:\se102.n21\contra\contra\debug\utils.obj
d:\se102.n21\contra\contra\debug\timer.obj
d:\se102.n21\contra\contra\debug\tiled.obj
d:\se102.n21\contra\debug\contra.exe
d:\se102.n21\contra\contra\debug\contra.ilk
d:\se102.n21\contra\debug\contra.pdb
d:\se102.n21\contra\contra\debug\contra.tlog\cl.command.1.tlog
d:\se102.n21\contra\contra\debug\contra.tlog\cl.read.1.tlog
d:\se102.n21\contra\contra\debug\contra.tlog\cl.write.1.tlog
d:\se102.n21\contra\contra\debug\contra.tlog\link.command.1.tlog
d:\se102.n21\contra\contra\debug\contra.tlog\link.read.1.tlog
d:\se102.n21\contra\contra\debug\contra.tlog\link.write.1.tlog
